
> kpop-ranker-v2@2.0.0 build
> next build

 ⚠ You are using a non-standard "NODE_ENV" value in your environment. This creates inconsistencies in the project and is strongly advised against. Read more: https://nextjs.org/docs/messages/non-standard-node-env
   ▲ Next.js 14.0.4
   - Environments: .env.local

   Creating an optimized production build ...
 ✓ Compiled successfully
   Linting and checking validity of types ...
   Collecting page data ...
   Generating static pages (0/18) ...
   Generating static pages (4/18) 
   Generating static pages (8/18) 
Error: <Html> should not be imported outside of pages/_document.
Read more: https://nextjs.org/docs/messages/no-document-import-in-page
    at ed (C:\project\kpopranker\node_modules\next\dist\compiled\next-server\pages.runtime.prod.js:16:5484)
    at y (C:\project\kpopranker\.next\server\chunks\329.js:6:1299)
    at renderWithHooks (C:\project\kpopranker\node_modules\react-dom\cjs\react-dom-server.browser.development.js:5658:16)
    at renderIndeterminateComponent (C:\project\kpopranker\node_modules\react-dom\cjs\react-dom-server.browser.development.js:5732:15)
    at renderElement (C:\project\kpopranker\node_modules\react-dom\cjs\react-dom-server.browser.development.js:5957:7)
    at renderNodeDestructiveImpl (C:\project\kpopranker\node_modules\react-dom\cjs\react-dom-server.browser.development.js:6115:11)
    at renderNodeDestructive (C:\project\kpopranker\node_modules\react-dom\cjs\react-dom-server.browser.development.js:6087:14)
    at finishClassComponent (C:\project\kpopranker\node_modules\react-dom\cjs\react-dom-server.browser.development.js:5688:3)
    at renderClassComponent (C:\project\kpopranker\node_modules\react-dom\cjs\react-dom-server.browser.development.js:5696:3)
    at renderElement (C:\project\kpopranker\node_modules\react-dom\cjs\react-dom-server.browser.development.js:5954:7)

Error occurred prerendering page "/500". Read more: https://nextjs.org/docs/messages/prerender-error
Error: <Html> should not be imported outside of pages/_document.
Read more: https://nextjs.org/docs/messages/no-document-import-in-page
    at ed (C:\project\kpopranker\node_modules\next\dist\compiled\next-server\pages.runtime.prod.js:16:5484)
    at y (C:\project\kpopranker\.next\server\chunks\329.js:6:1299)
    at renderWithHooks (C:\project\kpopranker\node_modules\react-dom\cjs\react-dom-server.browser.development.js:5658:16)
    at renderIndeterminateComponent (C:\project\kpopranker\node_modules\react-dom\cjs\react-dom-server.browser.development.js:5732:15)
    at renderElement (C:\project\kpopranker\node_modules\react-dom\cjs\react-dom-server.browser.development.js:5957:7)
    at renderNodeDestructiveImpl (C:\project\kpopranker\node_modules\react-dom\cjs\react-dom-server.browser.development.js:6115:11)
    at renderNodeDestructive (C:\project\kpopranker\node_modules\react-dom\cjs\react-dom-server.browser.development.js:6087:14)
    at finishClassComponent (C:\project\kpopranker\node_modules\react-dom\cjs\react-dom-server.browser.development.js:5688:3)
    at renderClassComponent (C:\project\kpopranker\node_modules\react-dom\cjs\react-dom-server.browser.development.js:5696:3)
    at renderElement (C:\project\kpopranker\node_modules\react-dom\cjs\react-dom-server.browser.development.js:5954:7)
Error: <Html> should not be imported outside of pages/_document.
Read more: https://nextjs.org/docs/messages/no-document-import-in-page
    at ed (C:\project\kpopranker\node_modules\next\dist\compiled\next-server\pages.runtime.prod.js:16:5484)
    at y (C:\project\kpopranker\.next\server\chunks\329.js:6:1299)
    at renderWithHooks (C:\project\kpopranker\node_modules\react-dom\cjs\react-dom-server.browser.development.js:5658:16)
    at renderIndeterminateComponent (C:\project\kpopranker\node_modules\react-dom\cjs\react-dom-server.browser.development.js:5732:15)
    at renderElement (C:\project\kpopranker\node_modules\react-dom\cjs\react-dom-server.browser.development.js:5957:7)
    at renderNodeDestructiveImpl (C:\project\kpopranker\node_modules\react-dom\cjs\react-dom-server.browser.development.js:6115:11)
    at renderNodeDestructive (C:\project\kpopranker\node_modules\react-dom\cjs\react-dom-server.browser.development.js:6087:14)
    at finishClassComponent (C:\project\kpopranker\node_modules\react-dom\cjs\react-dom-server.browser.development.js:5688:3)
    at renderClassComponent (C:\project\kpopranker\node_modules\react-dom\cjs\react-dom-server.browser.development.js:5696:3)
    at renderElement (C:\project\kpopranker\node_modules\react-dom\cjs\react-dom-server.browser.development.js:5954:7)

Error occurred prerendering page "/404". Read more: https://nextjs.org/docs/messages/prerender-error
Error: <Html> should not be imported outside of pages/_document.
Read more: https://nextjs.org/docs/messages/no-document-import-in-page
    at ed (C:\project\kpopranker\node_modules\next\dist\compiled\next-server\pages.runtime.prod.js:16:5484)
    at y (C:\project\kpopranker\.next\server\chunks\329.js:6:1299)
    at renderWithHooks (C:\project\kpopranker\node_modules\react-dom\cjs\react-dom-server.browser.development.js:5658:16)
    at renderIndeterminateComponent (C:\project\kpopranker\node_modules\react-dom\cjs\react-dom-server.browser.development.js:5732:15)
    at renderElement (C:\project\kpopranker\node_modules\react-dom\cjs\react-dom-server.browser.development.js:5957:7)
    at renderNodeDestructiveImpl (C:\project\kpopranker\node_modules\react-dom\cjs\react-dom-server.browser.development.js:6115:11)
    at renderNodeDestructive (C:\project\kpopranker\node_modules\react-dom\cjs\react-dom-server.browser.development.js:6087:14)
    at finishClassComponent (C:\project\kpopranker\node_modules\react-dom\cjs\react-dom-server.browser.development.js:5688:3)
    at renderClassComponent (C:\project\kpopranker\node_modules\react-dom\cjs\react-dom-server.browser.development.js:5696:3)
    at renderElement (C:\project\kpopranker\node_modules\react-dom\cjs\react-dom-server.browser.development.js:5954:7)
   Generating static pages (13/18) 
 ✓ Generating static pages (18/18) 

> Export encountered errors on following paths:
	/_error: /404
	/_error: /500
